2026-05-11 16:40:17,149 - INFO - Starting the Script
2026-05-11 16:40:17,149 - INFO - Creating a Token for Adding the LDAP Entities on Fortify SSC
2026-05-11 16:40:20,541 - INFO - API Request was successfull!
2026-05-11 16:40:20,543 - INFO - ('Result from the token creation query: %s', '{"data":{"id":4,"token":"NThiYWExMWEtM2M3OS00ODk5LWE3MDYtZWE1NjcxM2E3ZmE5","creationDate":"2026-05-11T19:40:20.503+00:00","terminalDate":"2026-05-12T19:40:20.503+00:00","remainingUsages":-1,"type":"UnifiedLoginToken","description":"2026-05-11 16:40:17","username":"admin","_href":"https://ssc.fortifynacho.com.ar:8443/ssc/api/v1/tokens/4"},"responseCode":201}')
2026-05-11 16:40:20,543 - INFO - UnifiedLoginToken was successfully created: NThiYWExMWEtM2M3OS00ODk5LWE3MDYtZWE1NjcxM2E3ZmE5
2026-05-11 16:40:20,543 - INFO - Adding the LDAP Entites on Fortify SSC
2026-05-11 16:41:50,654 - INFO - Starting the Script
2026-05-11 16:41:50,655 - INFO - Creating a Token for Adding the LDAP Entities on Fortify SSC
2026-05-11 16:41:54,055 - INFO - API Request was successfull!
2026-05-11 16:41:54,057 - INFO - ('Result from the token creation query: %s', '{"data":{"id":5,"token":"ODdiYTg4ZDQtZTNjNC00OGU3LTk3M2UtZmI2MzkyZmFhMmIz","creationDate":"2026-05-11T19:41:54.026+00:00","terminalDate":"2026-05-12T19:41:54.026+00:00","remainingUsages":-1,"type":"UnifiedLoginToken","description":"2026-05-11 16:41:50","username":"admin","_href":"https://ssc.fortifynacho.com.ar:8443/ssc/api/v1/tokens/5"},"responseCode":201}')
2026-05-11 16:41:54,058 - INFO - UnifiedLoginToken was successfully created: ODdiYTg4ZDQtZTNjNC00OGU3LTk3M2UtZmI2MzkyZmFhMmIz
2026-05-11 16:41:54,059 - INFO - Adding the LDAP Entites on Fortify SSC
2026-05-11 16:41:55,872 - INFO - API Request was successful!
2026-05-11 16:41:55,873 - INFO - ('Result from the Aggregation of the LDAP Entity query: %s', '{"data":{"id":2,"ldapType":"USER","name":"iperez","distinguishedName":"cn=iperez,o=optima","firstName":"Ignacio","lastName":"Perez Civeira","email":"iperez@ot-latam.com","roles":[{"id":"admin","name":"Administrator","description":"Users in the Administrator role have permission to perform all actions in the system, and automatically have access to all application versions. This role is to be used for system administrators.","builtIn":true,"allApplicationRole":true,"deletable":false,"assignedToNonUsers":false,"publishVersion":4,"objectVersion":1,"permissionIds":[],"default":false}],"userPhoto":null,"_href":"https://ssc.fortifynacho.com.ar:8443/ssc/api/v1/ldapObjects/2"},"responseCode":201}')
2026-05-11 16:41:56,299 - INFO - API Request was successful!
2026-05-11 16:41:56,301 - INFO - ('Result from the Aggregation of the LDAP Entity query: %s', '{"data":{"id":3,"ldapType":"USER","name":"azuredevopsuser","distinguishedName":"cn=azuredevopsuser,o=optima","firstName":"AzureDevOps","lastName":"Service User","email":"iperez@ot-latam.com","roles":[{"id":"developer","name":"Developer","description":"Users in the Developer role can upload analysis results and view and audit issues for application versions to which they have access.","builtIn":true,"allApplicationRole":false,"deletable":false,"assignedToNonUsers":false,"publishVersion":5,"objectVersion":1,"permissionIds":[],"default":false}],"userPhoto":null,"_href":"https://ssc.fortifynacho.com.ar:8443/ssc/api/v1/ldapObjects/3"},"responseCode":201}')
2026-05-11 16:41:56,587 - INFO - API Request was successful!
2026-05-11 16:41:56,588 - INFO - ('Result from the Aggregation of the LDAP Entity query: %s', '{"data":{"id":4,"ldapType":"USER","name":"jenkinsuser","distinguishedName":"cn=jenkinsuser,o=optima","firstName":"Jenkins","lastName":"Service User","email":"iperez@ot-latam.com","roles":[{"id":"developer","name":"Developer","description":"Users in the Developer role can upload analysis results and view and audit issues for application versions to which they have access.","builtIn":true,"allApplicationRole":false,"deletable":false,"assignedToNonUsers":false,"publishVersion":5,"objectVersion":1,"permissionIds":[],"default":false}],"userPhoto":null,"_href":"https://ssc.fortifynacho.com.ar:8443/ssc/api/v1/ldapObjects/4"},"responseCode":201}')
2026-05-11 16:41:56,796 - INFO - API Request was successful!
2026-05-11 16:41:56,797 - INFO - ('Result from the Aggregation of the LDAP Entity query: %s', '{"data":{"id":5,"ldapType":"USER","name":"gitlabsuser","distinguishedName":"cn=gitlabsuser,o=optima","firstName":"GitLab","lastName":"Service User","email":"iperez@ot-latam.com","roles":[{"id":"developer","name":"Developer","description":"Users in the Developer role can upload analysis results and view and audit issues for application versions to which they have access.","builtIn":true,"allApplicationRole":false,"deletable":false,"assignedToNonUsers":false,"publishVersion":5,"objectVersion":1,"permissionIds":[],"default":false}],"userPhoto":null,"_href":"https://ssc.fortifynacho.com.ar:8443/ssc/api/v1/ldapObjects/5"},"responseCode":201}')
2026-05-11 16:41:57,067 - INFO - API Request was successful!
2026-05-11 16:41:57,069 - INFO - ('Result from the Aggregation of the LDAP Entity query: %s', '{"data":{"id":6,"ldapType":"USER","name":"githubactionsuser","distinguishedName":"cn=githubactionsuser,o=optima","firstName":"GitHub Actions","lastName":"Service User","email":"iperez@ot-latam.com","roles":[{"id":"developer","name":"Developer","description":"Users in the Developer role can upload analysis results and view and audit issues for application versions to which they have access.","builtIn":true,"allApplicationRole":false,"deletable":false,"assignedToNonUsers":false,"publishVersion":5,"objectVersion":1,"permissionIds":[],"default":false}],"userPhoto":null,"_href":"https://ssc.fortifynacho.com.ar:8443/ssc/api/v1/ldapObjects/6"},"responseCode":201}')
2026-05-11 16:41:57,327 - INFO - API Request was successful!
2026-05-11 16:41:57,329 - INFO - ('Result from the Aggregation of the LDAP Entity query: %s', '{"data":{"id":7,"ldapType":"USER","name":"bitbucketuser","distinguishedName":"cn=bitbucketuser,o=optima","firstName":"Bitbucket","lastName":"Service User","email":"iperez@ot-latam.com","roles":[{"id":"developer","name":"Developer","description":"Users in the Developer role can upload analysis results and view and audit issues for application versions to which they have access.","builtIn":true,"allApplicationRole":false,"deletable":false,"assignedToNonUsers":false,"publishVersion":5,"objectVersion":1,"permissionIds":[],"default":false}],"userPhoto":null,"_href":"https://ssc.fortifynacho.com.ar:8443/ssc/api/v1/ldapObjects/7"},"responseCode":201}')
2026-05-11 16:41:57,607 - INFO - API Request was successful!
2026-05-11 16:41:57,608 - INFO - ('Result from the Aggregation of the LDAP Entity query: %s', '{"data":{"id":8,"ldapType":"USER","name":"bamboouser","distinguishedName":"cn=bamboouser,o=optima","firstName":"Bamboo","lastName":"Service User","email":"iperez@ot-latam.com","roles":[{"id":"developer","name":"Developer","description":"Users in the Developer role can upload analysis results and view and audit issues for application versions to which they have access.","builtIn":true,"allApplicationRole":false,"deletable":false,"assignedToNonUsers":false,"publishVersion":5,"objectVersion":1,"permissionIds":[],"default":false}],"userPhoto":null,"_href":"https://ssc.fortifynacho.com.ar:8443/ssc/api/v1/ldapObjects/8"},"responseCode":201}')
2026-05-11 16:41:57,912 - INFO - API Request was successful!
2026-05-11 16:41:57,915 - INFO - ('Result from the Aggregation of the LDAP Entity query: %s', '{"data":{"id":9,"ldapType":"GROUP","name":"support","distinguishedName":"cn=support,o=optima","firstName":null,"lastName":null,"email":null,"roles":[{"id":"admin","name":"Administrator","description":"Users in the Administrator role have permission to perform all actions in the system, and automatically have access to all application versions. This role is to be used for system administrators.","builtIn":true,"allApplicationRole":true,"deletable":false,"assignedToNonUsers":false,"publishVersion":4,"objectVersion":1,"permissionIds":[],"default":false}],"userPhoto":null,"_href":"https://ssc.fortifynacho.com.ar:8443/ssc/api/v1/ldapObjects/9"},"responseCode":201}')
2026-05-11 16:41:58,124 - INFO - API Request was successful!
2026-05-11 16:41:58,126 - INFO - ('Result from the Aggregation of the LDAP Entity query: %s', '{"data":{"id":10,"ldapType":"GROUP","name":"service","distinguishedName":"cn=service,o=optima","firstName":null,"lastName":null,"email":null,"roles":[{"id":"developer","name":"Developer","description":"Users in the Developer role can upload analysis results and view and audit issues for application versions to which they have access.","builtIn":true,"allApplicationRole":false,"deletable":false,"assignedToNonUsers":false,"publishVersion":5,"objectVersion":1,"permissionIds":[],"default":false}],"userPhoto":null,"_href":"https://ssc.fortifynacho.com.ar:8443/ssc/api/v1/ldapObjects/10"},"responseCode":201}')
2026-05-11 16:41:58,127 - INFO - Deleting the token created before
2026-05-11 16:42:01,488 - INFO - API Request was successfull!
2026-05-11 16:42:01,490 - INFO - ('Result from the token deletion query: %s', '{"responseCode":200}')
2026-05-11 16:42:01,490 - INFO - The token with ID '5' was successfully deleted!
